<?xml version="1.0" encoding="UTF-8"?>
<!-- Generated by org.testng.reporters.JUnitReportReporter -->
<testsuite skipped="0" hostname="DESKTOP-ADGCHK6" name="com.ebanking.master.Branches" tests="1" failures="0" timestamp="2023-08-07T17:49:11 IST" time="8.632" errors="0">
  <testcase name="Br" time="8.632" classname="com.ebanking.master.Branches"/>
  <system-out/>
</testsuite> <!-- com.ebanking.master.Branches -->
