<?xml version="1.0" encoding="UTF-8"?>
<!-- Generated by org.testng.reporters.JUnitReportReporter -->
<testsuite skipped="0" hostname="DESKTOP-ADGCHK6" name="com.ebanking.master.RoleNg" tests="3" failures="0" timestamp="2023-08-07T17:49:11 IST" time="22.043" errors="0">
  <testcase name="Rol" time="7.501" classname="com.ebanking.master.RoleNg"/>
  <system-out/>
  <testcase name="Rol" time="7.221" classname="com.ebanking.master.RoleNg"/>
  <system-out/>
  <testcase name="Rol" time="7.321" classname="com.ebanking.master.RoleNg"/>
  <system-out/>
</testsuite> <!-- com.ebanking.master.RoleNg -->
