<?xml version="1.0" encoding="UTF-8"?>
<!-- Generated by org.testng.reporters.JUnitReportReporter -->
<testsuite skipped="0" hostname="DESKTOP-ADGCHK6" name="com.ebanking.master.Sgrid" tests="2" failures="0" timestamp="2023-08-17T18:02:32 IST" time="57.871" errors="0">
  <testcase name="Gd" time="26.376" classname="com.ebanking.master.Sgrid"/>
  <system-out/>
  <testcase name="Gd" time="31.495" classname="com.ebanking.master.Sgrid"/>
  <system-out/>
</testsuite> <!-- com.ebanking.master.Sgrid -->
