<?xml version="1.0" encoding="UTF-8"?>
<!-- Generated by org.testng.reporters.JUnitReportReporter -->
<testsuite skipped="0" hostname="DESKTOP-ADGCHK6" name="com.ebanking.master.Exepom" tests="3" failures="0" timestamp="2023-08-09T17:46:10 IST" time="59.193" errors="0">
  <testcase name="Rcre" time="20.100" classname="com.ebanking.master.Exepom"/>
  <system-out/>
  <testcase name="Rcre" time="19.518" classname="com.ebanking.master.Exepom"/>
  <system-out/>
  <testcase name="Rcre" time="19.575" classname="com.ebanking.master.Exepom"/>
  <system-out/>
</testsuite> <!-- com.ebanking.master.Exepom -->
