<?xml version="1.0" encoding="UTF-8"?>
<!-- Generated by org.testng.reporters.JUnitReportReporter -->
<testsuite skipped="0" hostname="DESKTOP-ADGCHK6" name="com.ebanking.scripts.SampleNg" tests="2" failures="0" timestamp="2023-08-02T17:21:45 IST" time="9.268" errors="0">
  <testcase name="bcd" time="5.700" classname="com.ebanking.scripts.SampleNg"/>
  <system-out/>
  <testcase name="abc" time="3.568" classname="com.ebanking.scripts.SampleNg"/>
  <system-out/>
</testsuite> <!-- com.ebanking.scripts.SampleNg -->
